[2026-03-14T23:09:18.518Z] Observer ready! Logged in as the-observer#9526
[2026-03-14T23:09:18.521Z] Capturing messages to: /Users/ava/Mac-Mini-Obsidian-Vault/1. openclaw/discord-capture/raw
[2026-03-14T23:09:18.521Z] Monitoring 1 guild(s)
  - The Factory (1472959542886273086)
[2026-03-14T23:12:00.842Z] Captured: #remix | avabot2026: <@1472959639288287383> where did we leave off here...
[2026-03-14T23:14:21.346Z] Captured: #remix | avabot2026: I'm reviewing the three options now, and I know th...
[2026-03-14T23:14:35.498Z] Captured: #remix | avabot2026: <@1472959639288287383> I'm reviewing the three opt...
[2026-03-14T23:18:49.439Z] Captured: #remix | avabot2026: I agree with option two hybrid, that's kind of wha...
[2026-03-14T23:19:12.425Z] Captured: #remix | avabot2026: <@1472959639288287383> I agree with option two hyb...
[2026-03-14T23:20:14.690Z] Captured: #capture-content | francovarriano: <@1472959639288287383> status? Did this all comple...
[2026-03-14T23:20:15.485Z] Captured edit: #capture-content | francovarriano
[2026-03-14T23:22:03.361Z] Captured: #project-shopper | avabot2026: <@1472959639288287383> Can I tell you about some t...
[2026-03-14T23:25:22.651Z] Captured: #project-shopper | avabot2026: These are perfect descriptions of exactly what I'm...
[2026-03-14T23:25:34.027Z] Captured: #project-shopper | avabot2026: <@1472959639288287383> These are perfect descripti...
[2026-03-14T23:27:43.945Z] Captured: #project-shopper | avabot2026: <@1472959639288287383>  that makes sense I can put...
[2026-03-14T23:36:28.226Z] Captured: #project-shopper | francovarriano: <@1472959639288287383> based on the description fo...
[2026-03-14T23:41:52.091Z] Captured: #capture-content | francovarriano: <@1472959639288287383> https://x.com/ybhrdwj/statu...
[2026-03-14T23:41:52.329Z] Captured edit: #capture-content | francovarriano
[2026-03-14T23:43:02.281Z] Captured: #capture-content | francovarriano: <@1472959639288287383> https://x.com/motion_viz/st...
[2026-03-14T23:43:02.604Z] Captured edit: #capture-content | francovarriano
[2026-03-14T23:56:23.400Z] Reconnecting...
[2026-03-14T23:56:24.153Z] Reconnecting...
[2026-03-15T00:12:13.950Z] Reconnecting...
[2026-03-15T00:12:14.699Z] Reconnecting...
[2026-03-15T00:24:59.426Z] Reconnecting...
[2026-03-15T00:25:00.198Z] Reconnecting...
[2026-03-15T02:04:07.658Z] Reconnecting...
[2026-03-15T02:04:38.165Z] Reconnecting...
[2026-03-15T02:04:38.905Z] Reconnecting...
[2026-03-15T02:06:22.188Z] Captured: #capture-content | avabot2026: <@1472959639288287383> how many in the queue
[2026-03-15T02:06:52.127Z] Captured: #capture-content | francovarriano: <@1472959639288287383> process queue
[2026-03-15T02:07:43.200Z] Captured: #capture-content | avabot2026: <@1472959639288287383> can you get this one? https...
[2026-03-15T02:54:31.144Z] Reconnecting...
[2026-03-15T02:54:31.900Z] Reconnecting...
[2026-03-15T03:10:44.100Z] Reconnecting...
[2026-03-15T03:10:44.851Z] Reconnecting...
[2026-03-15T03:28:28.777Z] Reconnecting...
[2026-03-15T03:28:29.527Z] Reconnecting...
[2026-03-15T03:44:46.662Z] Reconnecting...
[2026-03-15T03:44:47.391Z] Reconnecting...
[2026-03-15T04:00:30.948Z] Reconnecting...
[2026-03-15T04:00:31.709Z] Reconnecting...
[2026-03-15T04:16:15.600Z] Reconnecting...
[2026-03-15T04:16:16.369Z] Reconnecting...
[2026-03-15T04:32:54.906Z] Reconnecting...
[2026-03-15T04:32:55.680Z] Reconnecting...
[2026-03-15T04:49:31.163Z] Reconnecting...
[2026-03-15T04:49:31.892Z] Reconnecting...
[2026-03-15T05:06:04.328Z] Reconnecting...
[2026-03-15T05:06:05.159Z] Reconnecting...
[2026-03-15T05:13:19.047Z] Reconnecting...
[2026-03-15T05:13:19.856Z] Reconnecting...
[2026-03-15T05:30:25.991Z] Reconnecting...
[2026-03-15T05:30:26.745Z] Reconnecting...
[2026-03-15T05:34:02.108Z] Reconnecting...
[2026-03-15T05:34:02.845Z] Reconnecting...
[2026-03-15T05:51:35.243Z] Reconnecting...
[2026-03-15T05:51:35.942Z] Reconnecting...
